[0m01:25:10.927338 [debug] [MainThread]: Sending event: {'category': 'dbt', 'action': 'invocation', 'label': 'start', 'context': [<snowplow_tracker.self_describing_json.SelfDescribingJson object at 0x000001FD6B0BC0B0>, <snowplow_tracker.self_describing_json.SelfDescribingJson object at 0x000001FD6AACF770>, <snowplow_tracker.self_describing_json.SelfDescribingJson object at 0x000001FD6AACEBA0>]}


============================== 01:25:10.949862 | a5832cad-dabb-4ee1-8eda-02c99f0d34ca ==============================
[0m01:25:10.949862 [info ] [MainThread]: Running with dbt=1.9.2
[0m01:25:10.949862 [debug] [MainThread]: running dbt with arguments {'printer_width': '80', 'indirect_selection': 'eager', 'write_json': 'True', 'log_cache_events': 'False', 'partial_parse': 'True', 'cache_selected_only': 'False', 'warn_error': 'None', 'debug': 'False', 'fail_fast': 'False', 'log_path': 'logs', 'version_check': 'True', 'profiles_dir': 'C:\\Users\\shaik.ahammad\\.dbt', 'use_colors': 'True', 'use_experimental_parser': 'False', 'empty': 'None', 'quiet': 'False', 'no_print': 'None', 'log_format': 'default', 'invocation_command': 'dbt init my_dbt_project', 'introspect': 'True', 'static_parser': 'True', 'target_path': 'None', 'warn_error_options': 'WarnErrorOptions(include=[], exclude=[])', 'send_anonymous_usage_stats': 'True'}
[0m01:25:11.040528 [debug] [MainThread]: Starter project path: C:\Users\shaik.ahammad\AppData\Local\Programs\Python\Python312\Lib\site-packages\dbt\include\starter_project
[0m01:25:11.088045 [info ] [MainThread]: 
Your new dbt project "my_dbt_project" was created!

For more information on how to configure the profiles.yml file,
please consult the dbt documentation here:

  https://docs.getdbt.com/docs/configure-your-profile

One more thing:

Need help? Don't hesitate to reach out to us via GitHub issues or on Slack:

  https://community.getdbt.com/

Happy modeling!

[0m01:25:11.103860 [info ] [MainThread]: Setting up your profile.
[0m01:27:24.483769 [info ] [MainThread]: Profile my_dbt_project written to C:\Users\shaik.ahammad\.dbt\profiles.yml using target's profile_template.yml and your supplied values. Run 'dbt debug' to validate the connection.
[0m01:27:24.486953 [debug] [MainThread]: Command `dbt init` succeeded at 01:27:24.486953 after 133.93 seconds
[0m01:27:24.489575 [debug] [MainThread]: Sending event: {'category': 'dbt', 'action': 'invocation', 'label': 'end', 'context': [<snowplow_tracker.self_describing_json.SelfDescribingJson object at 0x000001FD6A6A9460>, <snowplow_tracker.self_describing_json.SelfDescribingJson object at 0x000001FD6ADBE960>, <snowplow_tracker.self_describing_json.SelfDescribingJson object at 0x000001FD082E3080>]}
[0m01:27:24.490558 [debug] [MainThread]: Flushing usage events
[0m01:27:26.258062 [debug] [MainThread]: An error was encountered while trying to flush usage events
[0m14:23:17.995755 [debug] [MainThread]: Sending event: {'category': 'dbt', 'action': 'invocation', 'label': 'start', 'context': [<snowplow_tracker.self_describing_json.SelfDescribingJson object at 0x000001A66B6D1E50>, <snowplow_tracker.self_describing_json.SelfDescribingJson object at 0x000001A66B543110>, <snowplow_tracker.self_describing_json.SelfDescribingJson object at 0x000001A66B6D0170>]}


============================== 14:23:18.005294 | 093db881-3996-490e-87d1-3553ead5a52b ==============================
[0m14:23:18.005294 [info ] [MainThread]: Running with dbt=1.9.2
[0m14:23:18.005764 [debug] [MainThread]: running dbt with arguments {'printer_width': '80', 'indirect_selection': 'eager', 'log_cache_events': 'False', 'write_json': 'True', 'partial_parse': 'True', 'cache_selected_only': 'False', 'warn_error': 'None', 'version_check': 'True', 'debug': 'False', 'log_path': 'logs', 'fail_fast': 'False', 'profiles_dir': 'C:\\Users\\shaik.ahammad\\.dbt', 'use_colors': 'True', 'use_experimental_parser': 'False', 'no_print': 'None', 'quiet': 'False', 'empty': 'None', 'warn_error_options': 'WarnErrorOptions(include=[], exclude=[])', 'static_parser': 'True', 'invocation_command': 'dbt debug', 'introspect': 'True', 'target_path': 'None', 'log_format': 'default', 'send_anonymous_usage_stats': 'True'}
[0m14:23:18.040635 [info ] [MainThread]: dbt version: 1.9.2
[0m14:23:18.040635 [info ] [MainThread]: python version: 3.12.6
[0m14:23:18.040635 [info ] [MainThread]: python path: C:\Users\shaik.ahammad\AppData\Local\Programs\Python\Python312\python.exe
[0m14:23:18.040635 [info ] [MainThread]: os info: Windows-11-10.0.26100-SP0
[0m14:23:20.782249 [info ] [MainThread]: Using profiles dir at C:\Users\shaik.ahammad\.dbt
[0m14:23:20.782249 [info ] [MainThread]: Using profiles.yml file at C:\Users\shaik.ahammad\.dbt\profiles.yml
[0m14:23:20.782249 [info ] [MainThread]: Using dbt_project.yml file at C:\Users\shaik.ahammad\DBT\dbt_project.yml
[0m14:23:20.782249 [error] [MainThread]: Encountered an error:
Internal Error
  Profile should not be None if loading profile completed
[0m14:23:20.782249 [debug] [MainThread]: Command `dbt debug` failed at 14:23:20.782249 after 3.04 seconds
[0m14:23:20.782249 [debug] [MainThread]: Sending event: {'category': 'dbt', 'action': 'invocation', 'label': 'end', 'context': [<snowplow_tracker.self_describing_json.SelfDescribingJson object at 0x000001A66B543110>, <snowplow_tracker.self_describing_json.SelfDescribingJson object at 0x000001A608DA50A0>, <snowplow_tracker.self_describing_json.SelfDescribingJson object at 0x000001A609056BA0>]}
[0m14:23:20.782249 [debug] [MainThread]: Flushing usage events
[0m14:23:21.755369 [debug] [MainThread]: An error was encountered while trying to flush usage events
[0m14:24:10.516561 [debug] [MainThread]: Sending event: {'category': 'dbt', 'action': 'invocation', 'label': 'start', 'context': [<snowplow_tracker.self_describing_json.SelfDescribingJson object at 0x00000277181A2120>, <snowplow_tracker.self_describing_json.SelfDescribingJson object at 0x000002771B6039E0>, <snowplow_tracker.self_describing_json.SelfDescribingJson object at 0x000002771B600710>]}


============================== 14:24:10.532309 | efffc5f3-19aa-4cd4-8f93-bb62b77930b7 ==============================
[0m14:24:10.532309 [info ] [MainThread]: Running with dbt=1.9.2
[0m14:24:10.532309 [debug] [MainThread]: running dbt with arguments {'printer_width': '80', 'indirect_selection': 'eager', 'write_json': 'True', 'log_cache_events': 'False', 'partial_parse': 'True', 'cache_selected_only': 'False', 'profiles_dir': 'C:\\Users\\shaik.ahammad\\.dbt', 'version_check': 'True', 'fail_fast': 'False', 'log_path': 'logs', 'warn_error': 'None', 'debug': 'False', 'use_colors': 'True', 'use_experimental_parser': 'False', 'no_print': 'None', 'quiet': 'False', 'empty': 'None', 'warn_error_options': 'WarnErrorOptions(include=[], exclude=[])', 'introspect': 'True', 'log_format': 'default', 'invocation_command': 'dbt debug', 'target_path': 'None', 'static_parser': 'True', 'send_anonymous_usage_stats': 'True'}
[0m14:24:10.598538 [info ] [MainThread]: dbt version: 1.9.2
[0m14:24:10.598538 [info ] [MainThread]: python version: 3.12.6
[0m14:24:10.599535 [info ] [MainThread]: python path: C:\Users\shaik.ahammad\AppData\Local\Programs\Python\Python312\python.exe
[0m14:24:10.599535 [info ] [MainThread]: os info: Windows-11-10.0.26100-SP0
[0m14:24:12.554256 [info ] [MainThread]: Using profiles dir at C:\Users\shaik.ahammad\.dbt
[0m14:24:12.554256 [info ] [MainThread]: Using profiles.yml file at C:\Users\shaik.ahammad\.dbt\profiles.yml
[0m14:24:12.554256 [info ] [MainThread]: Using dbt_project.yml file at C:\Users\shaik.ahammad\DBT\dbt_project.yml
[0m14:24:12.569960 [error] [MainThread]: Encountered an error:
Internal Error
  Profile should not be None if loading profile completed
[0m14:24:12.569960 [debug] [MainThread]: Command `dbt debug` failed at 14:24:12.569960 after 2.28 seconds
[0m14:24:12.569960 [debug] [MainThread]: Sending event: {'category': 'dbt', 'action': 'invocation', 'label': 'end', 'context': [<snowplow_tracker.self_describing_json.SelfDescribingJson object at 0x000002771AEF7290>, <snowplow_tracker.self_describing_json.SelfDescribingJson object at 0x0000027738967350>, <snowplow_tracker.self_describing_json.SelfDescribingJson object at 0x00000277386B88C0>]}
[0m14:24:12.569960 [debug] [MainThread]: Flushing usage events
[0m14:24:13.637224 [debug] [MainThread]: An error was encountered while trying to flush usage events
[0m14:25:35.797718 [debug] [MainThread]: Sending event: {'category': 'dbt', 'action': 'invocation', 'label': 'start', 'context': [<snowplow_tracker.self_describing_json.SelfDescribingJson object at 0x000001FA6FCFBA40>, <snowplow_tracker.self_describing_json.SelfDescribingJson object at 0x000001FA75D67650>, <snowplow_tracker.self_describing_json.SelfDescribingJson object at 0x000001FA75D64830>]}


============================== 14:25:35.800571 | 42c8af3b-1296-48e6-b087-c78cf8fdb86f ==============================
[0m14:25:35.800571 [info ] [MainThread]: Running with dbt=1.9.2
[0m14:25:35.800571 [debug] [MainThread]: running dbt with arguments {'printer_width': '80', 'indirect_selection': 'eager', 'write_json': 'True', 'log_cache_events': 'False', 'partial_parse': 'True', 'cache_selected_only': 'False', 'warn_error': 'None', 'fail_fast': 'False', 'debug': 'False', 'log_path': 'logs', 'profiles_dir': 'C:\\Users\\shaik.ahammad\\.dbt', 'version_check': 'True', 'use_colors': 'True', 'use_experimental_parser': 'False', 'no_print': 'None', 'quiet': 'False', 'empty': 'None', 'log_format': 'default', 'static_parser': 'True', 'invocation_command': 'dbt debug', 'warn_error_options': 'WarnErrorOptions(include=[], exclude=[])', 'target_path': 'None', 'introspect': 'True', 'send_anonymous_usage_stats': 'True'}
[0m14:25:35.863786 [info ] [MainThread]: dbt version: 1.9.2
[0m14:25:35.864789 [info ] [MainThread]: python version: 3.12.6
[0m14:25:35.865787 [info ] [MainThread]: python path: C:\Users\shaik.ahammad\AppData\Local\Programs\Python\Python312\python.exe
[0m14:25:35.865787 [info ] [MainThread]: os info: Windows-11-10.0.26100-SP0
[0m14:25:37.694253 [info ] [MainThread]: Using profiles dir at C:\Users\shaik.ahammad\.dbt
[0m14:25:37.694253 [info ] [MainThread]: Using profiles.yml file at C:\Users\shaik.ahammad\.dbt\profiles.yml
[0m14:25:37.694253 [info ] [MainThread]: Using dbt_project.yml file at C:\Users\shaik.ahammad\DBT\dbt_project.yml
[0m14:25:37.694253 [error] [MainThread]: Encountered an error:
Internal Error
  Profile should not be None if loading profile completed
[0m14:25:37.694253 [debug] [MainThread]: Command `dbt debug` failed at 14:25:37.694253 after 2.12 seconds
[0m14:25:37.694253 [debug] [MainThread]: Sending event: {'category': 'dbt', 'action': 'invocation', 'label': 'end', 'context': [<snowplow_tracker.self_describing_json.SelfDescribingJson object at 0x000001FA758948F0>, <snowplow_tracker.self_describing_json.SelfDescribingJson object at 0x000001FA7F935850>, <snowplow_tracker.self_describing_json.SelfDescribingJson object at 0x000001FA7631C470>]}
[0m14:25:37.694253 [debug] [MainThread]: Flushing usage events
[0m14:25:38.731799 [debug] [MainThread]: An error was encountered while trying to flush usage events
[0m14:27:01.660565 [debug] [MainThread]: Sending event: {'category': 'dbt', 'action': 'invocation', 'label': 'start', 'context': [<snowplow_tracker.self_describing_json.SelfDescribingJson object at 0x000001EDD451BA40>, <snowplow_tracker.self_describing_json.SelfDescribingJson object at 0x000001EDD7B50620>, <snowplow_tracker.self_describing_json.SelfDescribingJson object at 0x000001EDDA5A3DA0>]}


============================== 14:27:01.667569 | 60b528c1-5497-4777-a854-313e804f064d ==============================
[0m14:27:01.667569 [info ] [MainThread]: Running with dbt=1.9.2
[0m14:27:01.668559 [debug] [MainThread]: running dbt with arguments {'printer_width': '80', 'indirect_selection': 'eager', 'log_cache_events': 'False', 'write_json': 'True', 'partial_parse': 'True', 'cache_selected_only': 'False', 'profiles_dir': 'C:\\Users\\shaik.ahammad\\.dbt', 'fail_fast': 'False', 'version_check': 'True', 'log_path': 'logs', 'debug': 'False', 'warn_error': 'None', 'use_colors': 'True', 'use_experimental_parser': 'False', 'no_print': 'None', 'quiet': 'False', 'empty': 'None', 'warn_error_options': 'WarnErrorOptions(include=[], exclude=[])', 'static_parser': 'True', 'log_format': 'default', 'introspect': 'True', 'target_path': 'None', 'invocation_command': 'dbt debug', 'send_anonymous_usage_stats': 'True'}
[0m14:27:01.721278 [info ] [MainThread]: dbt version: 1.9.2
[0m14:27:01.722278 [info ] [MainThread]: python version: 3.12.6
[0m14:27:01.722278 [info ] [MainThread]: python path: C:\Users\shaik.ahammad\AppData\Local\Programs\Python\Python312\python.exe
[0m14:27:01.723278 [info ] [MainThread]: os info: Windows-11-10.0.26100-SP0
[0m14:27:03.646971 [info ] [MainThread]: Using profiles dir at C:\Users\shaik.ahammad\.dbt
[0m14:27:03.646971 [info ] [MainThread]: Using profiles.yml file at C:\Users\shaik.ahammad\.dbt\profiles.yml
[0m14:27:03.646971 [info ] [MainThread]: Using dbt_project.yml file at C:\Users\shaik.ahammad\DBT\dbt_project.yml
[0m14:27:03.646971 [error] [MainThread]: Encountered an error:
Internal Error
  Profile should not be None if loading profile completed
[0m14:27:03.662683 [debug] [MainThread]: Command `dbt debug` failed at 14:27:03.662683 after 2.22 seconds
[0m14:27:03.662683 [debug] [MainThread]: Sending event: {'category': 'dbt', 'action': 'invocation', 'label': 'end', 'context': [<snowplow_tracker.self_describing_json.SelfDescribingJson object at 0x000001EDDA6D7080>, <snowplow_tracker.self_describing_json.SelfDescribingJson object at 0x000001EDF7887CE0>, <snowplow_tracker.self_describing_json.SelfDescribingJson object at 0x000001EDD7B50620>]}
[0m14:27:03.662683 [debug] [MainThread]: Flushing usage events
[0m14:27:04.643941 [debug] [MainThread]: An error was encountered while trying to flush usage events
[0m14:29:44.399459 [debug] [MainThread]: Sending event: {'category': 'dbt', 'action': 'invocation', 'label': 'start', 'context': [<snowplow_tracker.self_describing_json.SelfDescribingJson object at 0x00000207EDD12180>, <snowplow_tracker.self_describing_json.SelfDescribingJson object at 0x00000207EE2A4170>, <snowplow_tracker.self_describing_json.SelfDescribingJson object at 0x00000207EDF3AF90>]}


============================== 14:29:44.409840 | cd3982ae-f0c7-4b77-97ce-37a488b0ec2d ==============================
[0m14:29:44.409840 [info ] [MainThread]: Running with dbt=1.9.2
[0m14:29:44.409840 [debug] [MainThread]: running dbt with arguments {'printer_width': '80', 'indirect_selection': 'eager', 'log_cache_events': 'False', 'write_json': 'True', 'partial_parse': 'True', 'cache_selected_only': 'False', 'warn_error': 'None', 'fail_fast': 'False', 'debug': 'False', 'log_path': 'logs', 'profiles_dir': 'C:\\Users\\shaik.ahammad\\.dbt', 'version_check': 'True', 'use_colors': 'True', 'use_experimental_parser': 'False', 'empty': 'None', 'quiet': 'False', 'no_print': 'None', 'log_format': 'default', 'invocation_command': 'dbt debug', 'warn_error_options': 'WarnErrorOptions(include=[], exclude=[])', 'static_parser': 'True', 'target_path': 'None', 'introspect': 'True', 'send_anonymous_usage_stats': 'True'}
[0m14:29:44.480283 [info ] [MainThread]: dbt version: 1.9.2
[0m14:29:44.481283 [info ] [MainThread]: python version: 3.12.6
[0m14:29:44.481283 [info ] [MainThread]: python path: C:\Users\shaik.ahammad\AppData\Local\Programs\Python\Python312\python.exe
[0m14:29:44.482285 [info ] [MainThread]: os info: Windows-11-10.0.26100-SP0
[0m14:29:46.062217 [info ] [MainThread]: Using profiles dir at C:\Users\shaik.ahammad\.dbt
[0m14:29:46.062217 [info ] [MainThread]: Using profiles.yml file at C:\Users\shaik.ahammad\.dbt\profiles.yml
[0m14:29:46.062217 [info ] [MainThread]: Using dbt_project.yml file at C:\Users\shaik.ahammad\DBT\dbt_project.yml
[0m14:29:46.062217 [error] [MainThread]: Encountered an error:
Internal Error
  Profile should not be None if loading profile completed
[0m14:29:46.062217 [debug] [MainThread]: Command `dbt debug` failed at 14:29:46.062217 after 1.89 seconds
[0m14:29:46.062217 [debug] [MainThread]: Sending event: {'category': 'dbt', 'action': 'invocation', 'label': 'end', 'context': [<snowplow_tracker.self_describing_json.SelfDescribingJson object at 0x00000207EE603FE0>, <snowplow_tracker.self_describing_json.SelfDescribingJson object at 0x00000207EDEA7590>, <snowplow_tracker.self_describing_json.SelfDescribingJson object at 0x000002078B0F66F0>]}
[0m14:29:46.062217 [debug] [MainThread]: Flushing usage events
[0m14:29:47.127119 [debug] [MainThread]: An error was encountered while trying to flush usage events
[0m14:30:17.639846 [debug] [MainThread]: Sending event: {'category': 'dbt', 'action': 'invocation', 'label': 'start', 'context': [<snowplow_tracker.self_describing_json.SelfDescribingJson object at 0x0000016149DFDAF0>, <snowplow_tracker.self_describing_json.SelfDescribingJson object at 0x000001614A41C9E0>, <snowplow_tracker.self_describing_json.SelfDescribingJson object at 0x0000016149DFDE80>]}


============================== 14:30:17.646718 | 95b76e5d-48dd-4bfb-bd52-49ed2b8d8f6c ==============================
[0m14:30:17.646718 [info ] [MainThread]: Running with dbt=1.9.2
[0m14:30:17.646718 [debug] [MainThread]: running dbt with arguments {'printer_width': '80', 'indirect_selection': 'eager', 'write_json': 'True', 'log_cache_events': 'False', 'partial_parse': 'True', 'cache_selected_only': 'False', 'profiles_dir': 'C:\\Users\\shaik.ahammad\\.dbt', 'debug': 'False', 'version_check': 'True', 'log_path': 'logs', 'fail_fast': 'False', 'warn_error': 'None', 'use_colors': 'True', 'use_experimental_parser': 'False', 'empty': 'None', 'quiet': 'False', 'no_print': 'None', 'warn_error_options': 'WarnErrorOptions(include=[], exclude=[])', 'static_parser': 'True', 'invocation_command': 'dbt debug', 'log_format': 'default', 'target_path': 'None', 'introspect': 'True', 'send_anonymous_usage_stats': 'True'}
[0m14:30:17.721439 [info ] [MainThread]: dbt version: 1.9.2
[0m14:30:17.722442 [info ] [MainThread]: python version: 3.12.6
[0m14:30:17.722442 [info ] [MainThread]: python path: C:\Users\shaik.ahammad\AppData\Local\Programs\Python\Python312\python.exe
[0m14:30:17.722442 [info ] [MainThread]: os info: Windows-11-10.0.26100-SP0
[0m14:30:19.598868 [info ] [MainThread]: Using profiles dir at C:\Users\shaik.ahammad\.dbt
[0m14:30:19.598868 [info ] [MainThread]: Using profiles.yml file at C:\Users\shaik.ahammad\.dbt\profiles.yml
[0m14:30:19.598868 [info ] [MainThread]: Using dbt_project.yml file at C:\Users\shaik.ahammad\DBT\dbt_project.yml
[0m14:30:19.598868 [error] [MainThread]: Encountered an error:
Internal Error
  Profile should not be None if loading profile completed
[0m14:30:19.598868 [debug] [MainThread]: Command `dbt debug` failed at 14:30:19.598868 after 2.16 seconds
[0m14:30:19.598868 [debug] [MainThread]: Sending event: {'category': 'dbt', 'action': 'invocation', 'label': 'end', 'context': [<snowplow_tracker.self_describing_json.SelfDescribingJson object at 0x000001614A4E0200>, <snowplow_tracker.self_describing_json.SelfDescribingJson object at 0x0000016167589D90>, <snowplow_tracker.self_describing_json.SelfDescribingJson object at 0x0000016166CD6D20>]}
[0m14:30:19.598868 [debug] [MainThread]: Flushing usage events
[0m14:30:20.634353 [debug] [MainThread]: An error was encountered while trying to flush usage events
[0m14:34:01.024795 [debug] [MainThread]: Sending event: {'category': 'dbt', 'action': 'invocation', 'label': 'start', 'context': [<snowplow_tracker.self_describing_json.SelfDescribingJson object at 0x000001C6FE1A68A0>, <snowplow_tracker.self_describing_json.SelfDescribingJson object at 0x000001C6FDE54980>, <snowplow_tracker.self_describing_json.SelfDescribingJson object at 0x000001C6FD841430>]}


============================== 14:34:01.029490 | 80c21c56-1202-4245-8703-c17f2f193fdf ==============================
[0m14:34:01.029490 [info ] [MainThread]: Running with dbt=1.9.2
[0m14:34:01.032787 [debug] [MainThread]: running dbt with arguments {'printer_width': '80', 'indirect_selection': 'eager', 'write_json': 'True', 'log_cache_events': 'False', 'partial_parse': 'True', 'cache_selected_only': 'False', 'profiles_dir': 'C:\\Users\\shaik.ahammad\\.dbt', 'version_check': 'True', 'debug': 'False', 'log_path': 'logs', 'warn_error': 'None', 'fail_fast': 'False', 'use_colors': 'True', 'use_experimental_parser': 'False', 'no_print': 'None', 'quiet': 'False', 'empty': 'None', 'log_format': 'default', 'introspect': 'True', 'invocation_command': 'dbt debug', 'static_parser': 'True', 'target_path': 'None', 'warn_error_options': 'WarnErrorOptions(include=[], exclude=[])', 'send_anonymous_usage_stats': 'True'}
[0m14:34:01.084323 [info ] [MainThread]: dbt version: 1.9.2
[0m14:34:01.085325 [info ] [MainThread]: python version: 3.12.6
[0m14:34:01.085325 [info ] [MainThread]: python path: C:\Users\shaik.ahammad\AppData\Local\Programs\Python\Python312\python.exe
[0m14:34:01.086323 [info ] [MainThread]: os info: Windows-11-10.0.26100-SP0
[0m14:34:02.768328 [info ] [MainThread]: Using profiles dir at C:\Users\shaik.ahammad\.dbt
[0m14:34:02.768328 [info ] [MainThread]: Using profiles.yml file at C:\Users\shaik.ahammad\.dbt\profiles.yml
[0m14:34:02.768328 [info ] [MainThread]: Using dbt_project.yml file at C:\Users\shaik.ahammad\DBT\dbt_project.yml
[0m14:34:02.768328 [error] [MainThread]: Encountered an error:
Internal Error
  Profile should not be None if loading profile completed
[0m14:34:02.768328 [debug] [MainThread]: Command `dbt debug` failed at 14:34:02.768328 after 1.98 seconds
[0m14:34:02.768328 [debug] [MainThread]: Sending event: {'category': 'dbt', 'action': 'invocation', 'label': 'end', 'context': [<snowplow_tracker.self_describing_json.SelfDescribingJson object at 0x000001C6FD76B2C0>, <snowplow_tracker.self_describing_json.SelfDescribingJson object at 0x000001C69A7C8CB0>, <snowplow_tracker.self_describing_json.SelfDescribingJson object at 0x000001C69B0E4560>]}
[0m14:34:02.768328 [debug] [MainThread]: Flushing usage events
[0m14:34:03.826142 [debug] [MainThread]: An error was encountered while trying to flush usage events
[0m14:42:08.054166 [debug] [MainThread]: Sending event: {'category': 'dbt', 'action': 'invocation', 'label': 'start', 'context': [<snowplow_tracker.self_describing_json.SelfDescribingJson object at 0x0000017726C933E0>, <snowplow_tracker.self_describing_json.SelfDescribingJson object at 0x00000177244F74D0>, <snowplow_tracker.self_describing_json.SelfDescribingJson object at 0x0000017725BB78F0>]}


============================== 14:42:08.068018 | 72460bab-4dfe-4da4-982d-24997afcac7f ==============================
[0m14:42:08.068018 [info ] [MainThread]: Running with dbt=1.9.2
[0m14:42:08.068018 [debug] [MainThread]: running dbt with arguments {'printer_width': '80', 'indirect_selection': 'eager', 'write_json': 'True', 'log_cache_events': 'False', 'partial_parse': 'True', 'cache_selected_only': 'False', 'profiles_dir': 'C:\\Users\\shaik.ahammad\\.dbt', 'debug': 'False', 'warn_error': 'None', 'log_path': 'logs', 'version_check': 'True', 'fail_fast': 'False', 'use_colors': 'True', 'use_experimental_parser': 'False', 'no_print': 'None', 'quiet': 'False', 'empty': 'None', 'warn_error_options': 'WarnErrorOptions(include=[], exclude=[])', 'invocation_command': 'dbt init my_dbt_project', 'log_format': 'default', 'static_parser': 'True', 'target_path': 'None', 'introspect': 'True', 'send_anonymous_usage_stats': 'True'}
[0m14:42:08.137887 [info ] [MainThread]: A project called my_dbt_project already exists here.
[0m14:42:08.137887 [debug] [MainThread]: Command `dbt init` succeeded at 14:42:08.137887 after 0.39 seconds
[0m14:42:08.137887 [debug] [MainThread]: Sending event: {'category': 'dbt', 'action': 'invocation', 'label': 'end', 'context': [<snowplow_tracker.self_describing_json.SelfDescribingJson object at 0x0000017726E8B920>, <snowplow_tracker.self_describing_json.SelfDescribingJson object at 0x0000017726B896D0>, <snowplow_tracker.self_describing_json.SelfDescribingJson object at 0x0000017723F30D10>]}
[0m14:42:08.137887 [debug] [MainThread]: Flushing usage events
[0m14:42:09.201292 [debug] [MainThread]: An error was encountered while trying to flush usage events
[0m14:44:31.600100 [debug] [MainThread]: Sending event: {'category': 'dbt', 'action': 'invocation', 'label': 'start', 'context': [<snowplow_tracker.self_describing_json.SelfDescribingJson object at 0x0000028F2287D6D0>, <snowplow_tracker.self_describing_json.SelfDescribingJson object at 0x0000028F1F051C40>, <snowplow_tracker.self_describing_json.SelfDescribingJson object at 0x0000028F202F29C0>]}


============================== 14:44:31.607590 | 68f677d8-7bae-4068-b10b-340fa7a85f21 ==============================
[0m14:44:31.607590 [info ] [MainThread]: Running with dbt=1.9.2
[0m14:44:31.607590 [debug] [MainThread]: running dbt with arguments {'printer_width': '80', 'indirect_selection': 'eager', 'write_json': 'True', 'log_cache_events': 'False', 'partial_parse': 'True', 'cache_selected_only': 'False', 'warn_error': 'None', 'version_check': 'True', 'fail_fast': 'False', 'log_path': 'logs', 'debug': 'False', 'profiles_dir': 'C:\\Users\\shaik.ahammad\\.dbt', 'use_colors': 'True', 'use_experimental_parser': 'False', 'empty': 'None', 'quiet': 'False', 'no_print': 'None', 'warn_error_options': 'WarnErrorOptions(include=[], exclude=[])', 'static_parser': 'True', 'introspect': 'True', 'invocation_command': 'dbt debug', 'target_path': 'None', 'log_format': 'default', 'send_anonymous_usage_stats': 'True'}
[0m14:44:31.667386 [info ] [MainThread]: dbt version: 1.9.2
[0m14:44:31.668389 [info ] [MainThread]: python version: 3.12.6
[0m14:44:31.668389 [info ] [MainThread]: python path: C:\Users\shaik.ahammad\AppData\Local\Programs\Python\Python312\python.exe
[0m14:44:31.669387 [info ] [MainThread]: os info: Windows-11-10.0.26100-SP0
[0m14:44:31.670386 [info ] [MainThread]: Using profiles dir at C:\Users\shaik.ahammad\.dbt
[0m14:44:31.670386 [info ] [MainThread]: Using profiles.yml file at C:\Users\shaik.ahammad\.dbt\profiles.yml
[0m14:44:31.670386 [info ] [MainThread]: Using dbt_project.yml file at C:\Users\shaik.ahammad\DBT\dbt_project.yml
[0m14:44:31.671386 [info ] [MainThread]: Configuration:
[0m14:44:31.671386 [info ] [MainThread]:   profiles.yml file [[31mERROR not found[0m]
[0m14:44:31.672386 [info ] [MainThread]:   dbt_project.yml file [[31mERROR not found[0m]
[0m14:44:31.672386 [info ] [MainThread]: Required dependencies:
[0m14:44:31.672386 [debug] [MainThread]: Executing "git --help"
[0m14:44:31.727979 [debug] [MainThread]: STDOUT: "b"usage: git [-v | --version] [-h | --help] [-C <path>] [-c <name>=<value>]\n           [--exec-path[=<path>]] [--html-path] [--man-path] [--info-path]\n           [-p | --paginate | -P | --no-pager] [--no-replace-objects] [--no-lazy-fetch]\n           [--no-optional-locks] [--no-advice] [--bare] [--git-dir=<path>]\n           [--work-tree=<path>] [--namespace=<name>] [--config-env=<name>=<envvar>]\n           <command> [<args>]\n\nThese are common Git commands used in various situations:\n\nstart a working area (see also: git help tutorial)\n   clone      Clone a repository into a new directory\n   init       Create an empty Git repository or reinitialize an existing one\n\nwork on the current change (see also: git help everyday)\n   add        Add file contents to the index\n   mv         Move or rename a file, a directory, or a symlink\n   restore    Restore working tree files\n   rm         Remove files from the working tree and from the index\n\nexamine the history and state (see also: git help revisions)\n   bisect     Use binary search to find the commit that introduced a bug\n   diff       Show changes between commits, commit and working tree, etc\n   grep       Print lines matching a pattern\n   log        Show commit logs\n   show       Show various types of objects\n   status     Show the working tree status\n\ngrow, mark and tweak your common history\n   backfill   Download missing objects in a partial clone\n   branch     List, create, or delete branches\n   commit     Record changes to the repository\n   merge      Join two or more development histories together\n   rebase     Reapply commits on top of another base tip\n   reset      Reset current HEAD to the specified state\n   switch     Switch branches\n   tag        Create, list, delete or verify a tag object signed with GPG\n\ncollaborate (see also: git help workflows)\n   fetch      Download objects and refs from another repository\n   pull       Fetch from and integrate with another repository or a local branch\n   push       Update remote refs along with associated objects\n\n'git help -a' and 'git help -g' list available subcommands and some\nconcept guides. See 'git help <command>' or 'git help <concept>'\nto read about a specific subcommand or concept.\nSee 'git help git' for an overview of the system.\n""
[0m14:44:31.727979 [debug] [MainThread]: STDERR: "b''"
[0m14:44:31.727979 [info ] [MainThread]:  - git [[32mOK found[0m]

[0m14:44:31.727979 [info ] [MainThread]: Connection test skipped since no profile was found
[0m14:44:31.727979 [info ] [MainThread]: [31m2 checks failed:[0m
[0m14:44:31.727979 [info ] [MainThread]: dbt looked for a profiles.yml file in C:\Users\shaik.ahammad\.dbt\profiles.yml, but did
not find one. For more information on configuring your profile, consult the
documentation:

https://docs.getdbt.com/docs/configure-your-profile


[0m14:44:31.727979 [info ] [MainThread]: Project loading failed for the following reason:
 project path <C:\Users\shaik.ahammad\DBT\dbt_project.yml> not found

[0m14:44:31.727979 [debug] [MainThread]: Command `dbt debug` failed at 14:44:31.727979 after 0.36 seconds
[0m14:44:31.727979 [debug] [MainThread]: Sending event: {'category': 'dbt', 'action': 'invocation', 'label': 'end', 'context': [<snowplow_tracker.self_describing_json.SelfDescribingJson object at 0x0000028F2294B260>, <snowplow_tracker.self_describing_json.SelfDescribingJson object at 0x0000028F1CCF9E20>, <snowplow_tracker.self_describing_json.SelfDescribingJson object at 0x0000028F22316D80>]}
[0m14:44:31.727979 [debug] [MainThread]: Flushing usage events
[0m14:44:32.744104 [debug] [MainThread]: An error was encountered while trying to flush usage events
[0m18:35:18.361945 [debug] [MainThread]: Sending event: {'category': 'dbt', 'action': 'invocation', 'label': 'start', 'context': [<snowplow_tracker.self_describing_json.SelfDescribingJson object at 0x000001F15B15FD70>, <snowplow_tracker.self_describing_json.SelfDescribingJson object at 0x000001F15E7340E0>, <snowplow_tracker.self_describing_json.SelfDescribingJson object at 0x000001F15E735AF0>]}


============================== 18:35:18.376082 | f2ddbea3-e79e-4a63-9aa4-03ad64b75a21 ==============================
[0m18:35:18.376082 [info ] [MainThread]: Running with dbt=1.9.2
[0m18:35:18.378455 [debug] [MainThread]: running dbt with arguments {'printer_width': '80', 'indirect_selection': 'eager', 'log_cache_events': 'False', 'write_json': 'True', 'partial_parse': 'True', 'cache_selected_only': 'False', 'profiles_dir': 'C:\\Users\\shaik.ahammad\\.dbt', 'version_check': 'True', 'warn_error': 'None', 'log_path': 'logs', 'debug': 'False', 'fail_fast': 'False', 'use_colors': 'True', 'use_experimental_parser': 'False', 'no_print': 'None', 'quiet': 'False', 'empty': 'None', 'warn_error_options': 'WarnErrorOptions(include=[], exclude=[])', 'introspect': 'True', 'static_parser': 'True', 'log_format': 'default', 'target_path': 'None', 'invocation_command': 'dbt debug', 'send_anonymous_usage_stats': 'True'}
[0m18:35:18.428860 [info ] [MainThread]: dbt version: 1.9.2
[0m18:35:18.428860 [info ] [MainThread]: python version: 3.12.6
[0m18:35:18.428860 [info ] [MainThread]: python path: C:\Users\shaik.ahammad\AppData\Local\Programs\Python\Python312\python.exe
[0m18:35:18.429858 [info ] [MainThread]: os info: Windows-11-10.0.26100-SP0
[0m18:35:18.429858 [info ] [MainThread]: Using profiles dir at C:\Users\shaik.ahammad\.dbt
[0m18:35:18.429858 [info ] [MainThread]: Using profiles.yml file at C:\Users\shaik.ahammad\.dbt\profiles.yml
[0m18:35:18.429858 [info ] [MainThread]: Using dbt_project.yml file at C:\Users\shaik.ahammad\DBT\dbt_project.yml
[0m18:35:18.430857 [info ] [MainThread]: Configuration:
[0m18:35:18.431856 [info ] [MainThread]:   profiles.yml file [[31mERROR not found[0m]
[0m18:35:18.432189 [info ] [MainThread]:   dbt_project.yml file [[31mERROR not found[0m]
[0m18:35:18.432189 [info ] [MainThread]: Required dependencies:
[0m18:35:18.433192 [debug] [MainThread]: Executing "git --help"
[0m18:35:18.486058 [debug] [MainThread]: STDOUT: "b"usage: git [-v | --version] [-h | --help] [-C <path>] [-c <name>=<value>]\n           [--exec-path[=<path>]] [--html-path] [--man-path] [--info-path]\n           [-p | --paginate | -P | --no-pager] [--no-replace-objects] [--no-lazy-fetch]\n           [--no-optional-locks] [--no-advice] [--bare] [--git-dir=<path>]\n           [--work-tree=<path>] [--namespace=<name>] [--config-env=<name>=<envvar>]\n           <command> [<args>]\n\nThese are common Git commands used in various situations:\n\nstart a working area (see also: git help tutorial)\n   clone      Clone a repository into a new directory\n   init       Create an empty Git repository or reinitialize an existing one\n\nwork on the current change (see also: git help everyday)\n   add        Add file contents to the index\n   mv         Move or rename a file, a directory, or a symlink\n   restore    Restore working tree files\n   rm         Remove files from the working tree and from the index\n\nexamine the history and state (see also: git help revisions)\n   bisect     Use binary search to find the commit that introduced a bug\n   diff       Show changes between commits, commit and working tree, etc\n   grep       Print lines matching a pattern\n   log        Show commit logs\n   show       Show various types of objects\n   status     Show the working tree status\n\ngrow, mark and tweak your common history\n   backfill   Download missing objects in a partial clone\n   branch     List, create, or delete branches\n   commit     Record changes to the repository\n   merge      Join two or more development histories together\n   rebase     Reapply commits on top of another base tip\n   reset      Reset current HEAD to the specified state\n   switch     Switch branches\n   tag        Create, list, delete or verify a tag object signed with GPG\n\ncollaborate (see also: git help workflows)\n   fetch      Download objects and refs from another repository\n   pull       Fetch from and integrate with another repository or a local branch\n   push       Update remote refs along with associated objects\n\n'git help -a' and 'git help -g' list available subcommands and some\nconcept guides. See 'git help <command>' or 'git help <concept>'\nto read about a specific subcommand or concept.\nSee 'git help git' for an overview of the system.\n""
[0m18:35:18.486058 [debug] [MainThread]: STDERR: "b''"
[0m18:35:18.486058 [info ] [MainThread]:  - git [[32mOK found[0m]

[0m18:35:18.486058 [info ] [MainThread]: Connection test skipped since no profile was found
[0m18:35:18.486058 [info ] [MainThread]: [31m2 checks failed:[0m
[0m18:35:18.486058 [info ] [MainThread]: dbt looked for a profiles.yml file in C:\Users\shaik.ahammad\.dbt\profiles.yml, but did
not find one. For more information on configuring your profile, consult the
documentation:

https://docs.getdbt.com/docs/configure-your-profile


[0m18:35:18.486058 [info ] [MainThread]: Project loading failed for the following reason:
 project path <C:\Users\shaik.ahammad\DBT\dbt_project.yml> not found

[0m18:35:18.486058 [debug] [MainThread]: Command `dbt debug` failed at 18:35:18.486058 after 0.38 seconds
[0m18:35:18.486058 [debug] [MainThread]: Sending event: {'category': 'dbt', 'action': 'invocation', 'label': 'end', 'context': [<snowplow_tracker.self_describing_json.SelfDescribingJson object at 0x000001F15E663C20>, <snowplow_tracker.self_describing_json.SelfDescribingJson object at 0x000001F15E94ECC0>, <snowplow_tracker.self_describing_json.SelfDescribingJson object at 0x000001F15E156840>]}
[0m18:35:18.486058 [debug] [MainThread]: Flushing usage events
[0m18:35:19.475177 [debug] [MainThread]: An error was encountered while trying to flush usage events
